2018-12-08 16:49 +08:00: Sat, 08 Dec 2018 08:49:00 GMT koa deprecated Support for generators will be removed in v3. See the documentation for examples of how to convert old middleware https://github.com/koajs/koa/blob/master/docs/migration.md at server.js:20:5
2018-12-08 16:49 +08:00: Sat, 08 Dec 2018 08:49:00 GMT koa deprecated Support for generators will be removed in v3. See the documentation for examples of how to convert old middleware https://github.com/koajs/koa/blob/master/docs/migration.md at server.js:20:5
2018-12-08 16:49 +08:00: Sat, 08 Dec 2018 08:49:00 GMT koa deprecated Support for generators will be removed in v3. See the documentation for examples of how to convert old middleware https://github.com/koajs/koa/blob/master/docs/migration.md at server.js:43:5
2018-12-08 16:49 +08:00: Sat, 08 Dec 2018 08:49:00 GMT koa deprecated Support for generators will be removed in v3. See the documentation for examples of how to convert old middleware https://github.com/koajs/koa/blob/master/docs/migration.md at server.js:43:5
2018-12-08 16:49 +08:00: Sat, 08 Dec 2018 08:49:00 GMT koa deprecated Support for generators will be removed in v3. See the documentation for examples of how to convert old middleware https://github.com/koajs/koa/blob/master/docs/migration.md at server.js:20:5
2018-12-08 16:49 +08:00: Sat, 08 Dec 2018 08:49:00 GMT koa deprecated Support for generators will be removed in v3. See the documentation for examples of how to convert old middleware https://github.com/koajs/koa/blob/master/docs/migration.md at server.js:43:5
2018-12-08 16:49 +08:00: Sat, 08 Dec 2018 08:49:00 GMT koa deprecated Support for generators will be removed in v3. See the documentation for examples of how to convert old middleware https://github.com/koajs/koa/blob/master/docs/migration.md at server.js:20:5
2018-12-08 16:49 +08:00: Sat, 08 Dec 2018 08:49:00 GMT koa deprecated Support for generators will be removed in v3. See the documentation for examples of how to convert old middleware https://github.com/koajs/koa/blob/master/docs/migration.md at server.js:43:5
2018-12-08 16:49 +08:00: Sat, 08 Dec 2018 08:49:00 GMT koa deprecated Support for generators will be removed in v3. See the documentation for examples of how to convert old middleware https://github.com/koajs/koa/blob/master/docs/migration.md at server.js:20:5
2018-12-08 16:49 +08:00: Sat, 08 Dec 2018 08:49:00 GMT koa deprecated Support for generators will be removed in v3. See the documentation for examples of how to convert old middleware https://github.com/koajs/koa/blob/master/docs/migration.md at server.js:43:5
2018-12-08 16:49 +08:00: Error: listen EADDRINUSE :::3333
2018-12-08 16:49 +08:00:     at Server.setupListenHandle [as _listen2] (net.js:1286:14)
2018-12-08 16:49 +08:00:     at listenInCluster (net.js:1334:12)
2018-12-08 16:49 +08:00:     at Server.listen (net.js:1421:7)
2018-12-08 16:49 +08:00:     at Application.listen (D:\hssd\node\react-demo\node_modules\koa\lib\application.js:65:19)
2018-12-08 16:49 +08:00:     at Object.<anonymous> (D:\hssd\node\react-demo\server.js:77:5)
2018-12-08 16:49 +08:00:     at Module._compile (internal/modules/cjs/loader.js:688:30)
2018-12-08 16:49 +08:00:     at Object.Module._extensions..js (internal/modules/cjs/loader.js:699:10)
2018-12-08 16:49 +08:00:     at Module.load (internal/modules/cjs/loader.js:598:32)
2018-12-08 16:49 +08:00:     at tryModuleLoad (internal/modules/cjs/loader.js:537:12)
2018-12-08 16:49 +08:00:     at Function.Module._load (internal/modules/cjs/loader.js:529:3)
2018-12-08 16:49 +08:00: Error: listen EADDRINUSE :::3333
2018-12-08 16:49 +08:00:     at Server.setupListenHandle [as _listen2] (net.js:1286:14)
2018-12-08 16:49 +08:00:     at listenInCluster (net.js:1334:12)
2018-12-08 16:49 +08:00:     at Server.listen (net.js:1421:7)
2018-12-08 16:49 +08:00:     at Application.listen (D:\hssd\node\react-demo\node_modules\koa\lib\application.js:65:19)
2018-12-08 16:49 +08:00:     at Object.<anonymous> (D:\hssd\node\react-demo\server.js:77:5)
2018-12-08 16:49 +08:00:     at Module._compile (internal/modules/cjs/loader.js:688:30)
2018-12-08 16:49 +08:00:     at Object.Module._extensions..js (internal/modules/cjs/loader.js:699:10)
2018-12-08 16:49 +08:00:     at Module.load (internal/modules/cjs/loader.js:598:32)
2018-12-08 16:49 +08:00:     at tryModuleLoad (internal/modules/cjs/loader.js:537:12)
2018-12-08 16:49 +08:00:     at Function.Module._load (internal/modules/cjs/loader.js:529:3)
2018-12-08 16:49 +08:00: Sat, 08 Dec 2018 08:49:00 GMT koa deprecated Support for generators will be removed in v3. See the documentation for examples of how to convert old middleware https://github.com/koajs/koa/blob/master/docs/migration.md at server.js:20:5
2018-12-08 16:49 +08:00: Sat, 08 Dec 2018 08:49:00 GMT koa deprecated Support for generators will be removed in v3. See the documentation for examples of how to convert old middleware https://github.com/koajs/koa/blob/master/docs/migration.md at server.js:43:5
2018-12-08 16:49 +08:00: Error: listen EADDRINUSE :::3333
2018-12-08 16:49 +08:00:     at Server.setupListenHandle [as _listen2] (net.js:1286:14)
2018-12-08 16:49 +08:00:     at listenInCluster (net.js:1334:12)
2018-12-08 16:49 +08:00:     at Server.listen (net.js:1421:7)
2018-12-08 16:49 +08:00:     at Application.listen (D:\hssd\node\react-demo\node_modules\koa\lib\application.js:65:19)
2018-12-08 16:49 +08:00:     at Object.<anonymous> (D:\hssd\node\react-demo\server.js:77:5)
2018-12-08 16:49 +08:00:     at Module._compile (internal/modules/cjs/loader.js:688:30)
2018-12-08 16:49 +08:00:     at Object.Module._extensions..js (internal/modules/cjs/loader.js:699:10)
2018-12-08 16:49 +08:00:     at Module.load (internal/modules/cjs/loader.js:598:32)
2018-12-08 16:49 +08:00:     at tryModuleLoad (internal/modules/cjs/loader.js:537:12)
2018-12-08 16:49 +08:00:     at Function.Module._load (internal/modules/cjs/loader.js:529:3)
2018-12-08 16:49 +08:00: Error: listen EADDRINUSE :::3333
2018-12-08 16:49 +08:00:     at Server.setupListenHandle [as _listen2] (net.js:1286:14)
2018-12-08 16:49 +08:00:     at listenInCluster (net.js:1334:12)
2018-12-08 16:49 +08:00:     at Server.listen (net.js:1421:7)
2018-12-08 16:49 +08:00:     at Application.listen (D:\hssd\node\react-demo\node_modules\koa\lib\application.js:65:19)
2018-12-08 16:49 +08:00:     at Object.<anonymous> (D:\hssd\node\react-demo\server.js:77:5)
2018-12-08 16:49 +08:00:     at Module._compile (internal/modules/cjs/loader.js:688:30)
2018-12-08 16:49 +08:00:     at Object.Module._extensions..js (internal/modules/cjs/loader.js:699:10)
2018-12-08 16:49 +08:00:     at Module.load (internal/modules/cjs/loader.js:598:32)
2018-12-08 16:49 +08:00:     at tryModuleLoad (internal/modules/cjs/loader.js:537:12)
2018-12-08 16:49 +08:00:     at Function.Module._load (internal/modules/cjs/loader.js:529:3)
2018-12-08 16:49 +08:00: Error: listen EADDRINUSE :::3333
2018-12-08 16:49 +08:00:     at Server.setupListenHandle [as _listen2] (net.js:1286:14)
2018-12-08 16:49 +08:00:     at listenInCluster (net.js:1334:12)
2018-12-08 16:49 +08:00:     at Server.listen (net.js:1421:7)
2018-12-08 16:49 +08:00:     at Application.listen (D:\hssd\node\react-demo\node_modules\koa\lib\application.js:65:19)
2018-12-08 16:49 +08:00:     at Object.<anonymous> (D:\hssd\node\react-demo\server.js:77:5)
2018-12-08 16:49 +08:00:     at Module._compile (internal/modules/cjs/loader.js:688:30)
2018-12-08 16:49 +08:00:     at Object.Module._extensions..js (internal/modules/cjs/loader.js:699:10)
2018-12-08 16:49 +08:00:     at Module.load (internal/modules/cjs/loader.js:598:32)
2018-12-08 16:49 +08:00:     at tryModuleLoad (internal/modules/cjs/loader.js:537:12)
2018-12-08 16:49 +08:00:     at Function.Module._load (internal/modules/cjs/loader.js:529:3)
2018-12-08 16:49 +08:00: Error: listen EADDRINUSE :::3333
2018-12-08 16:49 +08:00:     at Server.setupListenHandle [as _listen2] (net.js:1286:14)
2018-12-08 16:49 +08:00:     at listenInCluster (net.js:1334:12)
2018-12-08 16:49 +08:00:     at Server.listen (net.js:1421:7)
2018-12-08 16:49 +08:00:     at Application.listen (D:\hssd\node\react-demo\node_modules\koa\lib\application.js:65:19)
2018-12-08 16:49 +08:00:     at Object.<anonymous> (D:\hssd\node\react-demo\server.js:77:5)
2018-12-08 16:49 +08:00:     at Module._compile (internal/modules/cjs/loader.js:688:30)
2018-12-08 16:49 +08:00:     at Object.Module._extensions..js (internal/modules/cjs/loader.js:699:10)
2018-12-08 16:49 +08:00:     at Module.load (internal/modules/cjs/loader.js:598:32)
2018-12-08 16:49 +08:00:     at tryModuleLoad (internal/modules/cjs/loader.js:537:12)
2018-12-08 16:49 +08:00:     at Function.Module._load (internal/modules/cjs/loader.js:529:3)
2018-12-08 16:50 +08:00: Sat, 08 Dec 2018 08:50:10 GMT koa deprecated Support for generators will be removed in v3. See the documentation for examples of how to convert old middleware https://github.com/koajs/koa/blob/master/docs/migration.md at server.js:20:5
2018-12-08 16:50 +08:00: Sat, 08 Dec 2018 08:50:10 GMT koa deprecated Support for generators will be removed in v3. See the documentation for examples of how to convert old middleware https://github.com/koajs/koa/blob/master/docs/migration.md at server.js:43:5
2018-12-08 16:50 +08:00: Sat, 08 Dec 2018 08:50:10 GMT koa deprecated Support for generators will be removed in v3. See the documentation for examples of how to convert old middleware https://github.com/koajs/koa/blob/master/docs/migration.md at server.js:20:5
2018-12-08 16:50 +08:00: Sat, 08 Dec 2018 08:50:10 GMT koa deprecated Support for generators will be removed in v3. See the documentation for examples of how to convert old middleware https://github.com/koajs/koa/blob/master/docs/migration.md at server.js:43:5
2018-12-08 16:50 +08:00: Sat, 08 Dec 2018 08:50:10 GMT koa deprecated Support for generators will be removed in v3. See the documentation for examples of how to convert old middleware https://github.com/koajs/koa/blob/master/docs/migration.md at server.js:20:5
2018-12-08 16:50 +08:00: Sat, 08 Dec 2018 08:50:10 GMT koa deprecated Support for generators will be removed in v3. See the documentation for examples of how to convert old middleware https://github.com/koajs/koa/blob/master/docs/migration.md at server.js:43:5
2018-12-08 16:50 +08:00: Sat, 08 Dec 2018 08:50:10 GMT koa deprecated Support for generators will be removed in v3. See the documentation for examples of how to convert old middleware https://github.com/koajs/koa/blob/master/docs/migration.md at server.js:20:5
2018-12-08 16:50 +08:00: Sat, 08 Dec 2018 08:50:10 GMT koa deprecated Support for generators will be removed in v3. See the documentation for examples of how to convert old middleware https://github.com/koajs/koa/blob/master/docs/migration.md at server.js:43:5
2018-12-08 16:50 +08:00: Sat, 08 Dec 2018 08:50:10 GMT koa deprecated Support for generators will be removed in v3. See the documentation for examples of how to convert old middleware https://github.com/koajs/koa/blob/master/docs/migration.md at server.js:20:5
2018-12-08 16:50 +08:00: Sat, 08 Dec 2018 08:50:10 GMT koa deprecated Support for generators will be removed in v3. See the documentation for examples of how to convert old middleware https://github.com/koajs/koa/blob/master/docs/migration.md at server.js:43:5
2018-12-08 16:50 +08:00: Error: listen EADDRINUSE :::3333
2018-12-08 16:50 +08:00:     at Server.setupListenHandle [as _listen2] (net.js:1286:14)
2018-12-08 16:50 +08:00:     at listenInCluster (net.js:1334:12)
2018-12-08 16:50 +08:00:     at Server.listen (net.js:1421:7)
2018-12-08 16:50 +08:00:     at Application.listen (D:\hssd\node\react-demo\node_modules\koa\lib\application.js:65:19)
2018-12-08 16:50 +08:00:     at Object.<anonymous> (D:\hssd\node\react-demo\server.js:77:5)
2018-12-08 16:50 +08:00:     at Module._compile (internal/modules/cjs/loader.js:688:30)
2018-12-08 16:50 +08:00:     at Object.Module._extensions..js (internal/modules/cjs/loader.js:699:10)
2018-12-08 16:50 +08:00:     at Module.load (internal/modules/cjs/loader.js:598:32)
2018-12-08 16:50 +08:00:     at tryModuleLoad (internal/modules/cjs/loader.js:537:12)
2018-12-08 16:50 +08:00:     at Function.Module._load (internal/modules/cjs/loader.js:529:3)
2018-12-08 16:50 +08:00: Error: listen EADDRINUSE :::3333
2018-12-08 16:50 +08:00:     at Server.setupListenHandle [as _listen2] (net.js:1286:14)
2018-12-08 16:50 +08:00:     at listenInCluster (net.js:1334:12)
2018-12-08 16:50 +08:00:     at Server.listen (net.js:1421:7)
2018-12-08 16:50 +08:00:     at Application.listen (D:\hssd\node\react-demo\node_modules\koa\lib\application.js:65:19)
2018-12-08 16:50 +08:00:     at Object.<anonymous> (D:\hssd\node\react-demo\server.js:77:5)
2018-12-08 16:50 +08:00:     at Module._compile (internal/modules/cjs/loader.js:688:30)
2018-12-08 16:50 +08:00:     at Object.Module._extensions..js (internal/modules/cjs/loader.js:699:10)
2018-12-08 16:50 +08:00:     at Module.load (internal/modules/cjs/loader.js:598:32)
2018-12-08 16:50 +08:00:     at tryModuleLoad (internal/modules/cjs/loader.js:537:12)
2018-12-08 16:50 +08:00:     at Function.Module._load (internal/modules/cjs/loader.js:529:3)
2018-12-08 16:50 +08:00: Error: listen EADDRINUSE :::3333
2018-12-08 16:50 +08:00:     at Server.setupListenHandle [as _listen2] (net.js:1286:14)
2018-12-08 16:50 +08:00:     at listenInCluster (net.js:1334:12)
2018-12-08 16:50 +08:00:     at Server.listen (net.js:1421:7)
2018-12-08 16:50 +08:00:     at Application.listen (D:\hssd\node\react-demo\node_modules\koa\lib\application.js:65:19)
2018-12-08 16:50 +08:00:     at Object.<anonymous> (D:\hssd\node\react-demo\server.js:77:5)
2018-12-08 16:50 +08:00:     at Module._compile (internal/modules/cjs/loader.js:688:30)
2018-12-08 16:50 +08:00:     at Object.Module._extensions..js (internal/modules/cjs/loader.js:699:10)
2018-12-08 16:50 +08:00:     at Module.load (internal/modules/cjs/loader.js:598:32)
2018-12-08 16:50 +08:00:     at tryModuleLoad (internal/modules/cjs/loader.js:537:12)
2018-12-08 16:50 +08:00:     at Function.Module._load (internal/modules/cjs/loader.js:529:3)
2018-12-08 16:50 +08:00: Sat, 08 Dec 2018 08:50:10 GMT koa deprecated Support for generators will be removed in v3. See the documentation for examples of how to convert old middleware https://github.com/koajs/koa/blob/master/docs/migration.md at server.js:20:5
2018-12-08 16:50 +08:00: Sat, 08 Dec 2018 08:50:10 GMT koa deprecated Support for generators will be removed in v3. See the documentation for examples of how to convert old middleware https://github.com/koajs/koa/blob/master/docs/migration.md at server.js:43:5
2018-12-08 16:50 +08:00: Error: listen EADDRINUSE :::3333
2018-12-08 16:50 +08:00:     at Server.setupListenHandle [as _listen2] (net.js:1286:14)
2018-12-08 16:50 +08:00:     at listenInCluster (net.js:1334:12)
2018-12-08 16:50 +08:00:     at Server.listen (net.js:1421:7)
2018-12-08 16:50 +08:00:     at Application.listen (D:\hssd\node\react-demo\node_modules\koa\lib\application.js:65:19)
2018-12-08 16:50 +08:00:     at Object.<anonymous> (D:\hssd\node\react-demo\server.js:77:5)
2018-12-08 16:50 +08:00:     at Module._compile (internal/modules/cjs/loader.js:688:30)
2018-12-08 16:50 +08:00:     at Object.Module._extensions..js (internal/modules/cjs/loader.js:699:10)
2018-12-08 16:50 +08:00:     at Module.load (internal/modules/cjs/loader.js:598:32)
2018-12-08 16:50 +08:00:     at tryModuleLoad (internal/modules/cjs/loader.js:537:12)
2018-12-08 16:50 +08:00:     at Function.Module._load (internal/modules/cjs/loader.js:529:3)
2018-12-08 16:50 +08:00: Error: listen EADDRINUSE :::3333
2018-12-08 16:50 +08:00:     at Server.setupListenHandle [as _listen2] (net.js:1286:14)
2018-12-08 16:50 +08:00:     at listenInCluster (net.js:1334:12)
2018-12-08 16:50 +08:00:     at Server.listen (net.js:1421:7)
2018-12-08 16:50 +08:00:     at Application.listen (D:\hssd\node\react-demo\node_modules\koa\lib\application.js:65:19)
2018-12-08 16:50 +08:00:     at Object.<anonymous> (D:\hssd\node\react-demo\server.js:77:5)
2018-12-08 16:50 +08:00:     at Module._compile (internal/modules/cjs/loader.js:688:30)
2018-12-08 16:50 +08:00:     at Object.Module._extensions..js (internal/modules/cjs/loader.js:699:10)
2018-12-08 16:50 +08:00:     at Module.load (internal/modules/cjs/loader.js:598:32)
2018-12-08 16:50 +08:00:     at tryModuleLoad (internal/modules/cjs/loader.js:537:12)
2018-12-08 16:50 +08:00:     at Function.Module._load (internal/modules/cjs/loader.js:529:3)
2018-12-08 16:50 +08:00: Error: listen EADDRINUSE :::3333
2018-12-08 16:50 +08:00:     at Server.setupListenHandle [as _listen2] (net.js:1286:14)
2018-12-08 16:50 +08:00:     at listenInCluster (net.js:1334:12)
2018-12-08 16:50 +08:00:     at Server.listen (net.js:1421:7)
2018-12-08 16:50 +08:00:     at Application.listen (D:\hssd\node\react-demo\node_modules\koa\lib\application.js:65:19)
2018-12-08 16:50 +08:00:     at Object.<anonymous> (D:\hssd\node\react-demo\server.js:77:5)
2018-12-08 16:50 +08:00:     at Module._compile (internal/modules/cjs/loader.js:688:30)
2018-12-08 16:50 +08:00:     at Object.Module._extensions..js (internal/modules/cjs/loader.js:699:10)
2018-12-08 16:50 +08:00:     at Module.load (internal/modules/cjs/loader.js:598:32)
2018-12-08 16:50 +08:00:     at tryModuleLoad (internal/modules/cjs/loader.js:537:12)
2018-12-08 16:50 +08:00:     at Function.Module._load (internal/modules/cjs/loader.js:529:3)
2018-12-08 16:51 +08:00: Sat, 08 Dec 2018 08:51:15 GMT koa deprecated Support for generators will be removed in v3. See the documentation for examples of how to convert old middleware https://github.com/koajs/koa/blob/master/docs/migration.md at server.js:20:5
2018-12-08 16:51 +08:00: Sat, 08 Dec 2018 08:51:15 GMT koa deprecated Support for generators will be removed in v3. See the documentation for examples of how to convert old middleware https://github.com/koajs/koa/blob/master/docs/migration.md at server.js:43:5
2018-12-08 16:51 +08:00: Sat, 08 Dec 2018 08:51:15 GMT koa deprecated Support for generators will be removed in v3. See the documentation for examples of how to convert old middleware https://github.com/koajs/koa/blob/master/docs/migration.md at server.js:20:5
2018-12-08 16:51 +08:00: Sat, 08 Dec 2018 08:51:15 GMT koa deprecated Support for generators will be removed in v3. See the documentation for examples of how to convert old middleware https://github.com/koajs/koa/blob/master/docs/migration.md at server.js:43:5
2018-12-08 16:51 +08:00: Sat, 08 Dec 2018 08:51:15 GMT koa deprecated Support for generators will be removed in v3. See the documentation for examples of how to convert old middleware https://github.com/koajs/koa/blob/master/docs/migration.md at server.js:20:5
2018-12-08 16:51 +08:00: Sat, 08 Dec 2018 08:51:15 GMT koa deprecated Support for generators will be removed in v3. See the documentation for examples of how to convert old middleware https://github.com/koajs/koa/blob/master/docs/migration.md at server.js:43:5
2018-12-08 16:51 +08:00: Sat, 08 Dec 2018 08:51:15 GMT koa deprecated Support for generators will be removed in v3. See the documentation for examples of how to convert old middleware https://github.com/koajs/koa/blob/master/docs/migration.md at server.js:20:5
2018-12-08 16:51 +08:00: Sat, 08 Dec 2018 08:51:15 GMT koa deprecated Support for generators will be removed in v3. See the documentation for examples of how to convert old middleware https://github.com/koajs/koa/blob/master/docs/migration.md at server.js:43:5
2018-12-08 16:51 +08:00: Sat, 08 Dec 2018 08:51:15 GMT koa deprecated Support for generators will be removed in v3. See the documentation for examples of how to convert old middleware https://github.com/koajs/koa/blob/master/docs/migration.md at server.js:20:5
2018-12-08 16:51 +08:00: Sat, 08 Dec 2018 08:51:15 GMT koa deprecated Support for generators will be removed in v3. See the documentation for examples of how to convert old middleware https://github.com/koajs/koa/blob/master/docs/migration.md at server.js:43:5
2018-12-08 16:51 +08:00: Error: listen EADDRINUSE :::3333
2018-12-08 16:51 +08:00:     at Server.setupListenHandle [as _listen2] (net.js:1286:14)
2018-12-08 16:51 +08:00:     at listenInCluster (net.js:1334:12)
2018-12-08 16:51 +08:00:     at Server.listen (net.js:1421:7)
2018-12-08 16:51 +08:00:     at Application.listen (D:\hssd\node\react-demo\node_modules\koa\lib\application.js:65:19)
2018-12-08 16:51 +08:00:     at Object.<anonymous> (D:\hssd\node\react-demo\server.js:77:5)
2018-12-08 16:51 +08:00:     at Module._compile (internal/modules/cjs/loader.js:688:30)
2018-12-08 16:51 +08:00:     at Object.Module._extensions..js (internal/modules/cjs/loader.js:699:10)
2018-12-08 16:51 +08:00:     at Module.load (internal/modules/cjs/loader.js:598:32)
2018-12-08 16:51 +08:00:     at tryModuleLoad (internal/modules/cjs/loader.js:537:12)
2018-12-08 16:51 +08:00:     at Function.Module._load (internal/modules/cjs/loader.js:529:3)
2018-12-08 16:51 +08:00: Sat, 08 Dec 2018 08:51:15 GMT koa deprecated Support for generators will be removed in v3. See the documentation for examples of how to convert old middleware https://github.com/koajs/koa/blob/master/docs/migration.md at server.js:20:5
2018-12-08 16:51 +08:00: Sat, 08 Dec 2018 08:51:15 GMT koa deprecated Support for generators will be removed in v3. See the documentation for examples of how to convert old middleware https://github.com/koajs/koa/blob/master/docs/migration.md at server.js:43:5
2018-12-08 16:51 +08:00: Error: listen EADDRINUSE :::3333
2018-12-08 16:51 +08:00:     at Server.setupListenHandle [as _listen2] (net.js:1286:14)
2018-12-08 16:51 +08:00:     at listenInCluster (net.js:1334:12)
2018-12-08 16:51 +08:00:     at Server.listen (net.js:1421:7)
2018-12-08 16:51 +08:00:     at Application.listen (D:\hssd\node\react-demo\node_modules\koa\lib\application.js:65:19)
2018-12-08 16:51 +08:00:     at Object.<anonymous> (D:\hssd\node\react-demo\server.js:77:5)
2018-12-08 16:51 +08:00:     at Module._compile (internal/modules/cjs/loader.js:688:30)
2018-12-08 16:51 +08:00:     at Object.Module._extensions..js (internal/modules/cjs/loader.js:699:10)
2018-12-08 16:51 +08:00:     at Module.load (internal/modules/cjs/loader.js:598:32)
2018-12-08 16:51 +08:00:     at tryModuleLoad (internal/modules/cjs/loader.js:537:12)
2018-12-08 16:51 +08:00:     at Function.Module._load (internal/modules/cjs/loader.js:529:3)
2018-12-08 16:51 +08:00: Error: listen EADDRINUSE :::3333
2018-12-08 16:51 +08:00:     at Server.setupListenHandle [as _listen2] (net.js:1286:14)
2018-12-08 16:51 +08:00:     at listenInCluster (net.js:1334:12)
2018-12-08 16:51 +08:00:     at Server.listen (net.js:1421:7)
2018-12-08 16:51 +08:00:     at Application.listen (D:\hssd\node\react-demo\node_modules\koa\lib\application.js:65:19)
2018-12-08 16:51 +08:00:     at Object.<anonymous> (D:\hssd\node\react-demo\server.js:77:5)
2018-12-08 16:51 +08:00:     at Module._compile (internal/modules/cjs/loader.js:688:30)
2018-12-08 16:51 +08:00:     at Object.Module._extensions..js (internal/modules/cjs/loader.js:699:10)
2018-12-08 16:51 +08:00:     at Module.load (internal/modules/cjs/loader.js:598:32)
2018-12-08 16:51 +08:00:     at tryModuleLoad (internal/modules/cjs/loader.js:537:12)
2018-12-08 16:51 +08:00:     at Function.Module._load (internal/modules/cjs/loader.js:529:3)
2018-12-08 16:51 +08:00: Error: listen EADDRINUSE :::3333
2018-12-08 16:51 +08:00:     at Server.setupListenHandle [as _listen2] (net.js:1286:14)
2018-12-08 16:51 +08:00:     at listenInCluster (net.js:1334:12)
2018-12-08 16:51 +08:00:     at Server.listen (net.js:1421:7)
2018-12-08 16:51 +08:00:     at Application.listen (D:\hssd\node\react-demo\node_modules\koa\lib\application.js:65:19)
2018-12-08 16:51 +08:00:     at Object.<anonymous> (D:\hssd\node\react-demo\server.js:77:5)
2018-12-08 16:51 +08:00:     at Module._compile (internal/modules/cjs/loader.js:688:30)
2018-12-08 16:51 +08:00:     at Object.Module._extensions..js (internal/modules/cjs/loader.js:699:10)
2018-12-08 16:51 +08:00:     at Module.load (internal/modules/cjs/loader.js:598:32)
2018-12-08 16:51 +08:00:     at tryModuleLoad (internal/modules/cjs/loader.js:537:12)
2018-12-08 16:51 +08:00:     at Function.Module._load (internal/modules/cjs/loader.js:529:3)
2018-12-08 16:51 +08:00: Error: listen EADDRINUSE :::3333
2018-12-08 16:51 +08:00:     at Server.setupListenHandle [as _listen2] (net.js:1286:14)
2018-12-08 16:51 +08:00:     at listenInCluster (net.js:1334:12)
2018-12-08 16:51 +08:00:     at Server.listen (net.js:1421:7)
2018-12-08 16:51 +08:00:     at Application.listen (D:\hssd\node\react-demo\node_modules\koa\lib\application.js:65:19)
2018-12-08 16:51 +08:00:     at Object.<anonymous> (D:\hssd\node\react-demo\server.js:77:5)
2018-12-08 16:51 +08:00:     at Module._compile (internal/modules/cjs/loader.js:688:30)
2018-12-08 16:51 +08:00:     at Object.Module._extensions..js (internal/modules/cjs/loader.js:699:10)
2018-12-08 16:51 +08:00:     at Module.load (internal/modules/cjs/loader.js:598:32)
2018-12-08 16:51 +08:00:     at tryModuleLoad (internal/modules/cjs/loader.js:537:12)
2018-12-08 16:51 +08:00:     at Function.Module._load (internal/modules/cjs/loader.js:529:3)
2018-12-08 16:51 +08:00: Error: listen EADDRINUSE :::3333
2018-12-08 16:51 +08:00:     at Server.setupListenHandle [as _listen2] (net.js:1286:14)
2018-12-08 16:51 +08:00:     at listenInCluster (net.js:1334:12)
2018-12-08 16:51 +08:00:     at Server.listen (net.js:1421:7)
2018-12-08 16:51 +08:00:     at Application.listen (D:\hssd\node\react-demo\node_modules\koa\lib\application.js:65:19)
2018-12-08 16:51 +08:00:     at Object.<anonymous> (D:\hssd\node\react-demo\server.js:77:5)
2018-12-08 16:51 +08:00:     at Module._compile (internal/modules/cjs/loader.js:688:30)
2018-12-08 16:51 +08:00:     at Object.Module._extensions..js (internal/modules/cjs/loader.js:699:10)
2018-12-08 16:51 +08:00:     at Module.load (internal/modules/cjs/loader.js:598:32)
2018-12-08 16:51 +08:00:     at tryModuleLoad (internal/modules/cjs/loader.js:537:12)
2018-12-08 16:51 +08:00:     at Function.Module._load (internal/modules/cjs/loader.js:529:3)
2018-12-08 16:51 +08:00: Sat, 08 Dec 2018 08:51:59 GMT koa deprecated Support for generators will be removed in v3. See the documentation for examples of how to convert old middleware https://github.com/koajs/koa/blob/master/docs/migration.md at server.js:20:5
2018-12-08 16:51 +08:00: Sat, 08 Dec 2018 08:51:59 GMT koa deprecated Support for generators will be removed in v3. See the documentation for examples of how to convert old middleware https://github.com/koajs/koa/blob/master/docs/migration.md at server.js:20:5
2018-12-08 16:51 +08:00: Sat, 08 Dec 2018 08:51:59 GMT koa deprecated Support for generators will be removed in v3. See the documentation for examples of how to convert old middleware https://github.com/koajs/koa/blob/master/docs/migration.md at server.js:43:5
2018-12-08 16:51 +08:00: Sat, 08 Dec 2018 08:51:59 GMT koa deprecated Support for generators will be removed in v3. See the documentation for examples of how to convert old middleware https://github.com/koajs/koa/blob/master/docs/migration.md at server.js:43:5
2018-12-08 16:51 +08:00: Sat, 08 Dec 2018 08:51:59 GMT koa deprecated Support for generators will be removed in v3. See the documentation for examples of how to convert old middleware https://github.com/koajs/koa/blob/master/docs/migration.md at server.js:20:5
2018-12-08 16:51 +08:00: Sat, 08 Dec 2018 08:51:59 GMT koa deprecated Support for generators will be removed in v3. See the documentation for examples of how to convert old middleware https://github.com/koajs/koa/blob/master/docs/migration.md at server.js:43:5
2018-12-08 16:51 +08:00: Sat, 08 Dec 2018 08:51:59 GMT koa deprecated Support for generators will be removed in v3. See the documentation for examples of how to convert old middleware https://github.com/koajs/koa/blob/master/docs/migration.md at server.js:20:5
2018-12-08 16:51 +08:00: Sat, 08 Dec 2018 08:51:59 GMT koa deprecated Support for generators will be removed in v3. See the documentation for examples of how to convert old middleware https://github.com/koajs/koa/blob/master/docs/migration.md at server.js:43:5
2018-12-08 16:51 +08:00: Sat, 08 Dec 2018 08:51:59 GMT koa deprecated Support for generators will be removed in v3. See the documentation for examples of how to convert old middleware https://github.com/koajs/koa/blob/master/docs/migration.md at server.js:20:5
2018-12-08 16:51 +08:00: Sat, 08 Dec 2018 08:51:59 GMT koa deprecated Support for generators will be removed in v3. See the documentation for examples of how to convert old middleware https://github.com/koajs/koa/blob/master/docs/migration.md at server.js:43:5
2018-12-08 16:51 +08:00: Error: listen EADDRINUSE :::3333
2018-12-08 16:51 +08:00:     at Server.setupListenHandle [as _listen2] (net.js:1286:14)
2018-12-08 16:51 +08:00:     at listenInCluster (net.js:1334:12)
2018-12-08 16:51 +08:00:     at Server.listen (net.js:1421:7)
2018-12-08 16:51 +08:00:     at Application.listen (D:\hssd\node\react-demo\node_modules\koa\lib\application.js:65:19)
2018-12-08 16:51 +08:00:     at Object.<anonymous> (D:\hssd\node\react-demo\server.js:77:5)
2018-12-08 16:51 +08:00:     at Module._compile (internal/modules/cjs/loader.js:688:30)
2018-12-08 16:51 +08:00:     at Object.Module._extensions..js (internal/modules/cjs/loader.js:699:10)
2018-12-08 16:51 +08:00:     at Module.load (internal/modules/cjs/loader.js:598:32)
2018-12-08 16:51 +08:00:     at tryModuleLoad (internal/modules/cjs/loader.js:537:12)
2018-12-08 16:51 +08:00:     at Function.Module._load (internal/modules/cjs/loader.js:529:3)
2018-12-08 16:51 +08:00: Sat, 08 Dec 2018 08:51:59 GMT koa deprecated Support for generators will be removed in v3. See the documentation for examples of how to convert old middleware https://github.com/koajs/koa/blob/master/docs/migration.md at server.js:20:5
2018-12-08 16:51 +08:00: Sat, 08 Dec 2018 08:51:59 GMT koa deprecated Support for generators will be removed in v3. See the documentation for examples of how to convert old middleware https://github.com/koajs/koa/blob/master/docs/migration.md at server.js:43:5
2018-12-08 16:51 +08:00: Error: listen EADDRINUSE :::3333
2018-12-08 16:51 +08:00:     at Server.setupListenHandle [as _listen2] (net.js:1286:14)
2018-12-08 16:51 +08:00:     at listenInCluster (net.js:1334:12)
2018-12-08 16:51 +08:00:     at Server.listen (net.js:1421:7)
2018-12-08 16:51 +08:00:     at Application.listen (D:\hssd\node\react-demo\node_modules\koa\lib\application.js:65:19)
2018-12-08 16:51 +08:00:     at Object.<anonymous> (D:\hssd\node\react-demo\server.js:77:5)
2018-12-08 16:51 +08:00:     at Module._compile (internal/modules/cjs/loader.js:688:30)
2018-12-08 16:51 +08:00:     at Object.Module._extensions..js (internal/modules/cjs/loader.js:699:10)
2018-12-08 16:51 +08:00:     at Module.load (internal/modules/cjs/loader.js:598:32)
2018-12-08 16:51 +08:00:     at tryModuleLoad (internal/modules/cjs/loader.js:537:12)
2018-12-08 16:51 +08:00:     at Function.Module._load (internal/modules/cjs/loader.js:529:3)
2018-12-08 16:51 +08:00: Error: listen EADDRINUSE :::3333
2018-12-08 16:51 +08:00:     at Server.setupListenHandle [as _listen2] (net.js:1286:14)
2018-12-08 16:51 +08:00:     at listenInCluster (net.js:1334:12)
2018-12-08 16:51 +08:00:     at Server.listen (net.js:1421:7)
2018-12-08 16:51 +08:00:     at Application.listen (D:\hssd\node\react-demo\node_modules\koa\lib\application.js:65:19)
2018-12-08 16:51 +08:00:     at Object.<anonymous> (D:\hssd\node\react-demo\server.js:77:5)
2018-12-08 16:51 +08:00:     at Module._compile (internal/modules/cjs/loader.js:688:30)
2018-12-08 16:51 +08:00:     at Object.Module._extensions..js (internal/modules/cjs/loader.js:699:10)
2018-12-08 16:51 +08:00:     at Module.load (internal/modules/cjs/loader.js:598:32)
2018-12-08 16:51 +08:00:     at tryModuleLoad (internal/modules/cjs/loader.js:537:12)
2018-12-08 16:51 +08:00:     at Function.Module._load (internal/modules/cjs/loader.js:529:3)
2018-12-08 16:51 +08:00: Error: listen EADDRINUSE :::3333
2018-12-08 16:51 +08:00:     at Server.setupListenHandle [as _listen2] (net.js:1286:14)
2018-12-08 16:51 +08:00:     at listenInCluster (net.js:1334:12)
2018-12-08 16:51 +08:00:     at Server.listen (net.js:1421:7)
2018-12-08 16:51 +08:00:     at Application.listen (D:\hssd\node\react-demo\node_modules\koa\lib\application.js:65:19)
2018-12-08 16:51 +08:00:     at Object.<anonymous> (D:\hssd\node\react-demo\server.js:77:5)
2018-12-08 16:51 +08:00:     at Module._compile (internal/modules/cjs/loader.js:688:30)
2018-12-08 16:51 +08:00:     at Object.Module._extensions..js (internal/modules/cjs/loader.js:699:10)
2018-12-08 16:51 +08:00:     at Module.load (internal/modules/cjs/loader.js:598:32)
2018-12-08 16:51 +08:00:     at tryModuleLoad (internal/modules/cjs/loader.js:537:12)
2018-12-08 16:51 +08:00:     at Function.Module._load (internal/modules/cjs/loader.js:529:3)
2018-12-08 16:52 +08:00: Error: listen EADDRINUSE :::3333
2018-12-08 16:52 +08:00:     at Server.setupListenHandle [as _listen2] (net.js:1286:14)
2018-12-08 16:52 +08:00:     at listenInCluster (net.js:1334:12)
2018-12-08 16:52 +08:00:     at Server.listen (net.js:1421:7)
2018-12-08 16:52 +08:00:     at Application.listen (D:\hssd\node\react-demo\node_modules\koa\lib\application.js:65:19)
2018-12-08 16:52 +08:00:     at Object.<anonymous> (D:\hssd\node\react-demo\server.js:77:5)
2018-12-08 16:52 +08:00:     at Module._compile (internal/modules/cjs/loader.js:688:30)
2018-12-08 16:52 +08:00:     at Object.Module._extensions..js (internal/modules/cjs/loader.js:699:10)
2018-12-08 16:52 +08:00:     at Module.load (internal/modules/cjs/loader.js:598:32)
2018-12-08 16:52 +08:00:     at tryModuleLoad (internal/modules/cjs/loader.js:537:12)
2018-12-08 16:52 +08:00:     at Function.Module._load (internal/modules/cjs/loader.js:529:3)
2018-12-08 16:52 +08:00: Sat, 08 Dec 2018 08:52:15 GMT koa deprecated Support for generators will be removed in v3. See the documentation for examples of how to convert old middleware https://github.com/koajs/koa/blob/master/docs/migration.md at server.js:20:5
2018-12-08 16:52 +08:00: Sat, 08 Dec 2018 08:52:15 GMT koa deprecated Support for generators will be removed in v3. See the documentation for examples of how to convert old middleware https://github.com/koajs/koa/blob/master/docs/migration.md at server.js:43:5
2018-12-08 16:52 +08:00: Sat, 08 Dec 2018 08:52:45 GMT koa deprecated Support for generators will be removed in v3. See the documentation for examples of how to convert old middleware https://github.com/koajs/koa/blob/master/docs/migration.md at server.js:20:5
2018-12-08 16:52 +08:00: Sat, 08 Dec 2018 08:52:45 GMT koa deprecated Support for generators will be removed in v3. See the documentation for examples of how to convert old middleware https://github.com/koajs/koa/blob/master/docs/migration.md at server.js:43:5
